[17:39:48.760] [INFO] storybook v10.3.3
[17:39:49.438] [DEBUG] Getting package.json info for /Users/vincentliu/conductor/workspaces/backpack/macau/package.json...
[17:39:50.691] [INFO] Starting...
[17:39:51.091] [DEBUG] Starting preview..
[17:39:51.103] [INFO] Addon-docs: using MDX3
[17:39:51.166] [INFO] Using implicit CSS loaders
[17:39:51.675] [INFO] Loading custom Webpack config (full-control mode).
[17:39:57.438] [DEBUG] Using tsconfig paths for react-docgen
[17:43:23.931] [WARN] Module Warning (from ./node_modules/sass-loader/dist/cjs.js):
Deprecation Warning on line 24, column 14 of file:///Users/vincentliu/conductor/workspaces/backpack/macau/packages/bpk-component-breadcrumb/src/BpkBreadcrumbItem.module.scss:24:14:
Using / for division outside of calc() is deprecated and will be removed in Dart Sass 2.0.0.

Recommendation: math.div(tokens.$bpk-line-height-xs, 2) or calc(tokens.$bpk-line-height-xs / 2)

More info and automated migrator: https://sass-lang.com/d/slash-div

24 | $icon-height: tokens.$bpk-line-height-xs / 2;


../../../../packages/bpk-component-breadcrumb/src/BpkBreadcrumbItem.module.scss 25:15  root stylesheet

[17:43:23.934] [WARN] Module Warning (from ./node_modules/sass-loader/dist/cjs.js):
Deprecation Warning on line 864, column 2 of file:///Users/vincentliu/conductor/workspaces/backpack/macau/packages/bpk-mixins/_typography.scss:864:2:
Sass's behavior for declarations that appear after nested
rules will be changing to match the behavior specified by CSS in an upcoming
version. To keep the existing behavior, move the declaration above the nested
rule. To opt into the new behavior, wrap the declaration in `& {}`.

More info: https://sass-lang.com/d/mixed-decls

864 |   position: relative;


../../../../packages/bpk-mixins/_typography.scss 865:3                    bpk-link()
../../../../packages/bpk-component-button/src/BpkButton.module.scss 62:5  root stylesheet

[17:43:23.938] [WARN] Module Warning (from ./node_modules/sass-loader/dist/cjs.js):
Deprecation Warning on line 865, column 2 of file:///Users/vincentliu/conductor/workspaces/backpack/macau/packages/bpk-mixins/_typography.scss:865:2:
Sass's behavior for declarations that appear after nested
rules will be changing to match the behavior specified by CSS in an upcoming
version. To keep the existing behavior, move the declaration above the nested
rule. To opt into the new behavior, wrap the declaration in `& {}`.

More info: https://sass-lang.com/d/mixed-decls

865 |   display: inline;


../../../../packages/bpk-mixins/_typography.scss 866:3                    bpk-link()
../../../../packages/bpk-component-button/src/BpkButton.module.scss 62:5  root stylesheet

[17:43:23.944] [WARN] Module Warning (from ./node_modules/sass-loader/dist/cjs.js):
Deprecation Warning on line 866, column 2 of file:///Users/vincentliu/conductor/workspaces/backpack/macau/packages/bpk-mixins/_typography.scss:866:2:
Sass's behavior for declarations that appear after nested
rules will be changing to match the behavior specified by CSS in an upcoming
version. To keep the existing behavior, move the declaration above the nested
rule. To opt into the new behavior, wrap the declaration in `& {}`.

More info: https://sass-lang.com/d/mixed-decls

866 |   padding: 0;


../../../../packages/bpk-mixins/_typography.scss 867:3                    bpk-link()
../../../../packages/bpk-component-button/src/BpkButton.module.scss 62:5  root stylesheet

[17:43:23.946] [WARN] Module Warning (from ./node_modules/sass-loader/dist/cjs.js):
Deprecation Warning on line 867, column 2 of file:///Users/vincentliu/conductor/workspaces/backpack/macau/packages/bpk-mixins/_typography.scss:867:2:
Sass's behavior for declarations that appear after nested
rules will be changing to match the behavior specified by CSS in an upcoming
version. To keep the existing behavior, move the declaration above the nested
rule. To opt into the new behavior, wrap the declaration in `& {}`.

More info: https://sass-lang.com/d/mixed-decls

867 |   border: 0;


../../../../packages/bpk-mixins/_typography.scss 868:3                    bpk-link()
../../../../packages/bpk-component-button/src/BpkButton.module.scss 62:5  root stylesheet

[17:43:23.948] [WARN] Module Warning (from ./node_modules/sass-loader/dist/cjs.js):
Deprecation Warning on line 868, column 2 of file:///Users/vincentliu/conductor/workspaces/backpack/macau/packages/bpk-mixins/_typography.scss:868:2:
Sass's behavior for declarations that appear after nested
rules will be changing to match the behavior specified by CSS in an upcoming
version. To keep the existing behavior, move the declaration above the nested
rule. To opt into the new behavior, wrap the declaration in `& {}`.

More info: https://sass-lang.com/d/mixed-decls

868 |   background-color: transparent;


../../../../packages/bpk-mixins/_typography.scss 869:3                    bpk-link()
../../../../packages/bpk-component-button/src/BpkButton.module.scss 62:5  root stylesheet

[17:43:23.950] [WARN] Module Warning (from ./node_modules/sass-loader/dist/cjs.js):
13 repetitive deprecation warnings omitted.
Run in verbose mode to see all warnings.
[17:43:23.951] [WARN] Module Warning (from ./node_modules/sass-loader/dist/cjs.js):
Deprecation Warning on line 31, column 2 of file:///Users/vincentliu/conductor/workspaces/backpack/macau/packages/bpk-mixins/_borders.scss:31:2:
Sass's behavior for declarations that appear after nested
rules will be changing to match the behavior specified by CSS in an upcoming
version. To keep the existing behavior, move the declaration above the nested
rule. To opt into the new behavior, wrap the declaration in `& {}`.

More info: https://sass-lang.com/d/mixed-decls

31 |   box-shadow: 0 0 0 $size $color #{$inset};


../../../../packages/bpk-mixins/_borders.scss 32:3                           -bpk-border()
../../../../packages/bpk-mixins/_borders.scss 150:3                          bpk-border-lg()
../../../../packages/bpk-component-card/src/BpkCardWrapper.module.scss 26:3  root stylesheet

[17:43:23.953] [WARN] Module Warning (from ./node_modules/sass-loader/dist/cjs.js):
Deprecation Warning on line 23, column 14 of file:///Users/vincentliu/conductor/workspaces/backpack/macau/packages/bpk-component-datatable/src/BpkDataTableHeader.module.scss:23:14:
Using / for division outside of calc() is deprecated and will be removed in Dart Sass 2.0.0.

Recommendation: math.div(tokens.$bpk-line-height-xs, 2) or calc(tokens.$bpk-line-height-xs / 2)

More info and automated migrator: https://sass-lang.com/d/slash-div

23 | $icon-height: tokens.$bpk-line-height-xs / 2;


../../../../packages/bpk-component-datatable/src/BpkDataTableHeader.module.scss 24:15  root stylesheet

[17:43:23.955] [WARN] Module Warning (from ./node_modules/sass-loader/dist/cjs.js):
Deprecation Warning on line 39, column 13 of file:///Users/vincentliu/conductor/workspaces/backpack/macau/packages/bpk-component-price-range/src/BpkPriceMarker.module.scss:39:13:
Using / for division outside of calc() is deprecated and will be removed in Dart Sass 2.0.0.

Recommendation: math.div(tokens.bpk-spacing-sm(), 2) or calc(tokens.bpk-spacing-sm() / 2)

More info and automated migrator: https://sass-lang.com/d/slash-div

39 |     padding: tokens.bpk-spacing-sm() / 2 tokens.bpk-spacing-md();


../../../../packages/bpk-component-price-range/src/BpkPriceMarker.module.scss 40:14  root stylesheet

[17:43:23.956] [WARN] Module Warning (from ./node_modules/sass-loader/dist/cjs.js):
Deprecation Warning on line 40, column 9 of file:///Users/vincentliu/conductor/workspaces/backpack/macau/packages/bpk-component-price-range/src/BpkPriceRange.module.scss:40:9:
Using / for division outside of calc() is deprecated and will be removed in Dart Sass 2.0.0.

Recommendation: math.div(tokens.bpk-spacing-sm(), 2) or calc(tokens.bpk-spacing-sm() / 2)

More info and automated migrator: https://sass-lang.com/d/slash-div

40 |     gap: tokens.bpk-spacing-sm() / 2;


../../../../packages/bpk-component-price-range/src/BpkPriceRange.module.scss 41:10  root stylesheet

[17:43:23.958] [ERROR] Failed to build the preview
[17:43:23.968] [WARN] Force closed preview build
[17:43:23.969] [ERROR] [38;2;241;97;97mSB_BUILDER-WEBPACK5_0003 (WebpackCompilationError): There were problems when compiling your code with Webpack.
Run Storybook with --debug-webpack for more information.[39m
    at starter (file://./node_modules/@storybook/react-webpack5/node_modules/@storybook/builder-webpack5/dist/index.js:799:11)
    at starter.next (<anonymous>)
    at Module.start (file://./node_modules/@storybook/react-webpack5/node_modules/@storybook/builder-webpack5/dist/index.js:857:34)
    at process.processTicksAndRejections (node:internal/process/task_queues:103:5)
    at async storybookDevServer (file://./node_modules/storybook/dist/core-server/index.js:7502:83)
    at async buildOrThrow (file://./node_modules/storybook/dist/core-server/index.js:4508:12)
    at async buildDevStandalone (file://./node_modules/storybook/dist/core-server/index.js:8029:41)
    at async withTelemetry (file://./node_modules/storybook/dist/_node-chunks/chunk-6PADJQ3N.js:218:12)
    at async dev (file://./node_modules/storybook/dist/bin/core.js:2736:3)
    at async _Command.<anonymous> (file://./node_modules/storybook/dist/bin/core.js:2806:92)
[17:43:23.970] [WARN] Broken build, fix the error above.
You may need to refresh the browser.