[14:21:52.168] [INFO] storybook v10.3.5
[14:21:52.605] [DEBUG] Getting package.json info for /Users/gert-janvercauteren/conductor/workspaces/backpack/surat/package.json...
[14:21:53.682] [INFO] Addon-docs: using MDX3
[14:21:53.702] [INFO] Using implicit CSS loaders
[14:21:53.805] [INFO] Loading custom Webpack config (full-control mode).
[14:21:53.862] [INFO] Starting...
[14:21:53.877] [WARN] unable to find package.json for @skyscanner/backpack-web
[14:21:55.019] [DEBUG] Starting preview..
[14:21:55.026] [INFO] Addon-docs: using MDX3
[14:21:55.027] [INFO] Using implicit CSS loaders
[14:21:55.030] [INFO] Loading custom Webpack config (full-control mode).
[14:21:56.071] [DEBUG] Using tsconfig paths for react-docgen
[14:21:57.853] [WARN] Module Warning (from ../../node_modules/sass-loader/dist/cjs.js):
Deprecation Warning on line 864, column 2 of file:///Users/gert-janvercauteren/conductor/workspaces/backpack/surat/packages/backpack-web/src/bpk-mixins/_typography.scss:864:2:
Sass's behavior for declarations that appear after nested
rules will be changing to match the behavior specified by CSS in an upcoming
version. To keep the existing behavior, move the declaration above the nested
rule. To opt into the new behavior, wrap the declaration in `& {}`.

More info: https://sass-lang.com/d/mixed-decls

864 |   position: relative;


../../../../packages/backpack-web/src/bpk-mixins/_typography.scss 865:3                    bpk-link()
../../../../packages/backpack-web/src/bpk-component-button/src/BpkButton.module.scss 62:5  root stylesheet

[14:21:57.854] [WARN] Module Warning (from ../../node_modules/sass-loader/dist/cjs.js):
Deprecation Warning on line 865, column 2 of file:///Users/gert-janvercauteren/conductor/workspaces/backpack/surat/packages/backpack-web/src/bpk-mixins/_typography.scss:865:2:
Sass's behavior for declarations that appear after nested
rules will be changing to match the behavior specified by CSS in an upcoming
version. To keep the existing behavior, move the declaration above the nested
rule. To opt into the new behavior, wrap the declaration in `& {}`.

More info: https://sass-lang.com/d/mixed-decls

865 |   display: inline;


../../../../packages/backpack-web/src/bpk-mixins/_typography.scss 866:3                    bpk-link()
../../../../packages/backpack-web/src/bpk-component-button/src/BpkButton.module.scss 62:5  root stylesheet

[14:21:57.855] [WARN] Module Warning (from ../../node_modules/sass-loader/dist/cjs.js):
Deprecation Warning on line 866, column 2 of file:///Users/gert-janvercauteren/conductor/workspaces/backpack/surat/packages/backpack-web/src/bpk-mixins/_typography.scss:866:2:
Sass's behavior for declarations that appear after nested
rules will be changing to match the behavior specified by CSS in an upcoming
version. To keep the existing behavior, move the declaration above the nested
rule. To opt into the new behavior, wrap the declaration in `& {}`.

More info: https://sass-lang.com/d/mixed-decls

866 |   padding: 0;


../../../../packages/backpack-web/src/bpk-mixins/_typography.scss 867:3                    bpk-link()
../../../../packages/backpack-web/src/bpk-component-button/src/BpkButton.module.scss 62:5  root stylesheet

[14:21:57.856] [WARN] Module Warning (from ../../node_modules/sass-loader/dist/cjs.js):
Deprecation Warning on line 867, column 2 of file:///Users/gert-janvercauteren/conductor/workspaces/backpack/surat/packages/backpack-web/src/bpk-mixins/_typography.scss:867:2:
Sass's behavior for declarations that appear after nested
rules will be changing to match the behavior specified by CSS in an upcoming
version. To keep the existing behavior, move the declaration above the nested
rule. To opt into the new behavior, wrap the declaration in `& {}`.

More info: https://sass-lang.com/d/mixed-decls

867 |   border: 0;


../../../../packages/backpack-web/src/bpk-mixins/_typography.scss 868:3                    bpk-link()
../../../../packages/backpack-web/src/bpk-component-button/src/BpkButton.module.scss 62:5  root stylesheet

[14:21:57.857] [WARN] Module Warning (from ../../node_modules/sass-loader/dist/cjs.js):
Deprecation Warning on line 868, column 2 of file:///Users/gert-janvercauteren/conductor/workspaces/backpack/surat/packages/backpack-web/src/bpk-mixins/_typography.scss:868:2:
Sass's behavior for declarations that appear after nested
rules will be changing to match the behavior specified by CSS in an upcoming
version. To keep the existing behavior, move the declaration above the nested
rule. To opt into the new behavior, wrap the declaration in `& {}`.

More info: https://sass-lang.com/d/mixed-decls

868 |   background-color: transparent;


../../../../packages/backpack-web/src/bpk-mixins/_typography.scss 869:3                    bpk-link()
../../../../packages/backpack-web/src/bpk-component-button/src/BpkButton.module.scss 62:5  root stylesheet

[14:21:57.857] [WARN] Module Warning (from ../../node_modules/sass-loader/dist/cjs.js):
13 repetitive deprecation warnings omitted.
Run in verbose mode to see all warnings.
[14:21:57.857] [WARN] Module Warning (from ../../node_modules/sass-loader/dist/cjs.js):
Deprecation Warning on line 31, column 2 of file:///Users/gert-janvercauteren/conductor/workspaces/backpack/surat/packages/backpack-web/src/bpk-mixins/_borders.scss:31:2:
Sass's behavior for declarations that appear after nested
rules will be changing to match the behavior specified by CSS in an upcoming
version. To keep the existing behavior, move the declaration above the nested
rule. To opt into the new behavior, wrap the declaration in `& {}`.

More info: https://sass-lang.com/d/mixed-decls

31 |   box-shadow: 0 0 0 $size $color #{$inset};


../../../../packages/backpack-web/src/bpk-mixins/_borders.scss 32:3                           -bpk-border()
../../../../packages/backpack-web/src/bpk-mixins/_borders.scss 166:3                          bpk-border-lg()
../../../../packages/backpack-web/src/bpk-component-card/src/BpkCardWrapper.module.scss 26:3  root stylesheet

[14:21:57.859] [ERROR] Failed to build the preview
[14:21:57.870] [WARN] Force closed preview build
[14:21:57.871] [ERROR] [38;2;241;97;97mSB_BUILDER-WEBPACK5_0003 (WebpackCompilationError): There were problems when compiling your code with Webpack.
Run Storybook with --debug-webpack for more information.[39m
    at starter (file:///Users/gert-janvercauteren/conductor/workspaces/backpack/surat/node_modules/@storybook/builder-webpack5/dist/index.js:799:11)
    at starter.next (<anonymous>)
    at Module.start (file:///Users/gert-janvercauteren/conductor/workspaces/backpack/surat/node_modules/@storybook/builder-webpack5/dist/index.js:857:34)
    at process.processTicksAndRejections (node:internal/process/task_queues:104:5)
    at async storybookDevServer (file:///Users/gert-janvercauteren/conductor/workspaces/backpack/surat/node_modules/storybook/dist/core-server/index.js:7503:83)
    at async buildOrThrow (file:///Users/gert-janvercauteren/conductor/workspaces/backpack/surat/node_modules/storybook/dist/core-server/index.js:4508:12)
    at async buildDevStandalone (file:///Users/gert-janvercauteren/conductor/workspaces/backpack/surat/node_modules/storybook/dist/core-server/index.js:8033:41)
    at async withTelemetry (file:///Users/gert-janvercauteren/conductor/workspaces/backpack/surat/node_modules/storybook/dist/_node-chunks/chunk-FIR43JGQ.js:225:12)
    at async dev (file:///Users/gert-janvercauteren/conductor/workspaces/backpack/surat/node_modules/storybook/dist/bin/core.js:2736:3)
    at async _Command.<anonymous> (file:///Users/gert-janvercauteren/conductor/workspaces/backpack/surat/node_modules/storybook/dist/bin/core.js:2806:92)
[14:21:57.872] [WARN] Broken build, fix the error above.
You may need to refresh the browser.